<?xml version="1.0" encoding="UTF-8"?>
<!-- Generated by org.testng.reporters.JUnitXMLReporter -->
<testsuite hostname="LAPTOP-AP334VUR" ignored="1" name="Command line test" tests="6" failures="1" timestamp="05 Oct 2020 21:29:03 GMT" time="111.209" errors="0">
  <testcase name="testHeaderElementsVisibility" time="4.809" classname="com.weather.tests.SuiteUpdatedHomePageTests"/>
  <testcase name="testOnDisplayContinentsAndChangeInMeasureIfTemperatureChanges" time="5.744" classname="com.weather.tests.SuiteUpdatedHomePageTests">
    <failure type="org.openqa.selenium.StaleElementReferenceException" message="stale element reference: element is not attached to the page document
  (Session info: chrome=85.0.4183.121)
For documentation on this error, please visit: https://www.seleniumhq.org/exceptions/stale_element_reference.html
Build info: version: &amp;apos;3.141.59&amp;apos;, revision: &amp;apos;e82be7d358&amp;apos;, time: &amp;apos;2018-11-14T08:17:03&amp;apos;
System info: host: &amp;apos;LAPTOP-AP334VUR&amp;apos;, ip: &amp;apos;192.168.1.166&amp;apos;, os.name: &amp;apos;Windows 10&amp;apos;, os.arch: &amp;apos;amd64&amp;apos;, os.version: &amp;apos;10.0&amp;apos;, java.version: &amp;apos;1.8.0_221&amp;apos;
Driver info: org.openqa.selenium.chrome.ChromeDriver
Capabilities {acceptInsecureCerts: false, browserName: chrome, browserVersion: 85.0.4183.121, chrome: {chromedriverVersion: 84.0.4147.30 (48b3e868b4cc0..., userDataDir: C:\WINDOWS\TEMP\scoped_dir1...}, goog:chromeOptions: {debuggerAddress: localhost:60478}, javascriptEnabled: true, networkConnectionEnabled: false, pageLoadStrategy: normal, platform: WINDOWS, platformName: WINDOWS, proxy: Proxy(), setWindowRect: true, strictFileInteractability: false, timeouts: {implicit: 0, pageLoad: 300000, script: 30000}, unhandledPromptBehavior: dismiss and notify, webauthn:virtualAuthenticators: true}
Session ID: 3918068e89bf1fd89b5bf3fe0a2854e5">
      <![CDATA[org.openqa.selenium.StaleElementReferenceException: stale element reference: element is not attached to the page document
  (Session info: chrome=85.0.4183.121)
For documentation on this error, please visit: https://www.seleniumhq.org/exceptions/stale_element_reference.html
Build info: version: '3.141.59', revision: 'e82be7d358', time: '2018-11-14T08:17:03'
System info: host: 'LAPTOP-AP334VUR', ip: '192.168.1.166', os.name: 'Windows 10', os.arch: 'amd64', os.version: '10.0', java.version: '1.8.0_221'
Driver info: org.openqa.selenium.chrome.ChromeDriver
Capabilities {acceptInsecureCerts: false, browserName: chrome, browserVersion: 85.0.4183.121, chrome: {chromedriverVersion: 84.0.4147.30 (48b3e868b4cc0..., userDataDir: C:\WINDOWS\TEMP\scoped_dir1...}, goog:chromeOptions: {debuggerAddress: localhost:60478}, javascriptEnabled: true, networkConnectionEnabled: false, pageLoadStrategy: normal, platform: WINDOWS, platformName: WINDOWS, proxy: Proxy(), setWindowRect: true, strictFileInteractability: false, timeouts: {implicit: 0, pageLoad: 300000, script: 30000}, unhandledPromptBehavior: dismiss and notify, webauthn:virtualAuthenticators: true}
Session ID: 3918068e89bf1fd89b5bf3fe0a2854e5
at org.openqa.selenium.remote.http.W3CHttpResponseCodec.createException(W3CHttpResponseCodec.java:187)
at org.openqa.selenium.remote.http.W3CHttpResponseCodec.decode(W3CHttpResponseCodec.java:122)
at org.openqa.selenium.remote.http.W3CHttpResponseCodec.decode(W3CHttpResponseCodec.java:49)
at org.openqa.selenium.remote.HttpCommandExecutor.execute(HttpCommandExecutor.java:158)
at org.openqa.selenium.remote.service.DriverCommandExecutor.execute(DriverCommandExecutor.java:83)
at org.openqa.selenium.remote.RemoteWebDriver.execute(RemoteWebDriver.java:552)
at org.openqa.selenium.remote.RemoteWebElement.execute(RemoteWebElement.java:285)
at org.openqa.selenium.remote.RemoteWebElement.click(RemoteWebElement.java:84)
at com.weather.pages.HomePage.changeInWindUnitIfTemperatureChangesCelsius(HomePage.java:402)
at com.weather.tests.SuiteUpdatedHomePageTests.testOnDisplayContinentsAndChangeInMeasureIfTemperatureChanges(SuiteUpdatedHomePageTests.java:149)
... Removed 38 stack frames]]>
    </failure>
  </testcase> <!-- testOnDisplayContinentsAndChangeInMeasureIfTemperatureChanges -->
  <testcase name="testOnForeCastMenuItems" time="0.771" classname="com.weather.tests.SuiteUpdatedHomePageTests"/>
  <testcase name="testOnHeaderElementsSearchMenuItems" time="20.935" classname="com.weather.tests.SuiteUpdatedHomePageTests"/>
  <testcase name="testOnSelectingForecastTabAndVerifyText" time="11.164" classname="com.weather.tests.SuiteUpdatedHomePageTests"/>
  <testcase name="testSocialMediaIconsDisplay" time="0.496" classname="com.weather.tests.SuiteUpdatedHomePageTests"/>
  <testcase name="testOnSelectingForecastTabAndVerifyText1" time="0.0" classname="com.weather.tests.SuiteUpdatedHomePageTests">
    <ignored/>
  </testcase> <!-- testOnSelectingForecastTabAndVerifyText1 -->
</testsuite> <!-- Command line test -->
